{"/Users/macbook/gc01-daditsan/app.js": {"path":"/Users/macbook/gc01-daditsan/app.js","statementMap":{"0":{"start":{"line":1,"column":0},"end":{"line":3,"column":1}},"1":{"start":{"line":2,"column":4},"end":{"line":2,"column":31}},"2":{"start":{"line":5,"column":16},"end":{"line":5,"column":34}},"3":{"start":{"line":6,"column":12},"end":{"line":6,"column":21}},"4":{"start":{"line":7,"column":15},"end":{"line":7,"column":41}},"5":{"start":{"line":9,"column":0},"end":{"line":9,"column":47}},"6":{"start":{"line":10,"column":0},"end":{"line":10,"column":23}},"7":{"start":{"line":12,"column":0},"end":{"line":12,"column":20}},"8":{"start":{"line":14,"column":0},"end":{"line":14,"column":21}}},"fnMap":{},"branchMap":{"0":{"loc":{"start":{"line":1,"column":0},"end":{"line":3,"column":1}},"type":"if","locations":[{"start":{"line":1,"column":0},"end":{"line":3,"column":1}},{"start":{},"end":{}}],"line":1}},"s":{"0":2,"1":2,"2":2,"3":2,"4":2,"5":2,"6":2,"7":2,"8":2},"f":{},"b":{"0":[2,0]},"_coverageSchema":"1a1c01bbd47fc00a2c39e90264f33305004495a9","hash":"9dba9de1c4494d77ba710bd44ac661aa857440a8"}
,"/Users/macbook/gc01-daditsan/controllers/CategoryController/CategoryController.js": {"path":"/Users/macbook/gc01-daditsan/controllers/CategoryController/CategoryController.js","statementMap":{"0":{"start":{"line":1,"column":21},"end":{"line":1,"column":44}},"1":{"start":{"line":6,"column":8},"end":{"line":15,"column":9}},"2":{"start":{"line":7,"column":29},"end":{"line":9,"column":14}},"3":{"start":{"line":11,"column":12},"end":{"line":11,"column":92}},"4":{"start":{"line":13,"column":12},"end":{"line":13,"column":31}},"5":{"start":{"line":14,"column":12},"end":{"line":14,"column":23}},"6":{"start":{"line":19,"column":8},"end":{"line":24,"column":9}},"7":{"start":{"line":20,"column":31},"end":{"line":20,"column":55}},"8":{"start":{"line":21,"column":12},"end":{"line":21,"column":44}},"9":{"start":{"line":23,"column":12},"end":{"line":23,"column":23}},"10":{"start":{"line":28,"column":8},"end":{"line":52,"column":9}},"11":{"start":{"line":29,"column":27},"end":{"line":29,"column":37}},"12":{"start":{"line":31,"column":27},"end":{"line":31,"column":35}},"13":{"start":{"line":33,"column":27},"end":{"line":33,"column":54}},"14":{"start":{"line":34,"column":12},"end":{"line":36,"column":13}},"15":{"start":{"line":35,"column":16},"end":{"line":35,"column":52}},"16":{"start":{"line":38,"column":12},"end":{"line":45,"column":13}},"17":{"start":{"line":47,"column":34},"end":{"line":47,"column":61}},"18":{"start":{"line":49,"column":12},"end":{"line":49,"column":110}},"19":{"start":{"line":51,"column":12},"end":{"line":51,"column":23}},"20":{"start":{"line":56,"column":8},"end":{"line":74,"column":9}},"21":{"start":{"line":57,"column":27},"end":{"line":57,"column":37}},"22":{"start":{"line":59,"column":27},"end":{"line":59,"column":54}},"23":{"start":{"line":61,"column":12},"end":{"line":63,"column":13}},"24":{"start":{"line":62,"column":16},"end":{"line":62,"column":52}},"25":{"start":{"line":65,"column":34},"end":{"line":69,"column":13}},"26":{"start":{"line":71,"column":12},"end":{"line":71,"column":81}},"27":{"start":{"line":73,"column":12},"end":{"line":73,"column":23}},"28":{"start":{"line":78,"column":0},"end":{"line":78,"column":36}}},"fnMap":{"0":{"name":"(anonymous_0)","decl":{"start":{"line":5,"column":4},"end":{"line":5,"column":5}},"loc":{"start":{"line":5,"column":48},"end":{"line":16,"column":5}},"line":5},"1":{"name":"(anonymous_1)","decl":{"start":{"line":18,"column":4},"end":{"line":18,"column":5}},"loc":{"start":{"line":18,"column":48},"end":{"line":25,"column":5}},"line":18},"2":{"name":"(anonymous_2)","decl":{"start":{"line":27,"column":4},"end":{"line":27,"column":5}},"loc":{"start":{"line":27,"column":50},"end":{"line":53,"column":5}},"line":27},"3":{"name":"(anonymous_3)","decl":{"start":{"line":55,"column":4},"end":{"line":55,"column":5}},"loc":{"start":{"line":55,"column":52},"end":{"line":75,"column":5}},"line":55}},"branchMap":{"0":{"loc":{"start":{"line":34,"column":12},"end":{"line":36,"column":13}},"type":"if","locations":[{"start":{"line":34,"column":12},"end":{"line":36,"column":13}},{"start":{},"end":{}}],"line":34},"1":{"loc":{"start":{"line":61,"column":12},"end":{"line":63,"column":13}},"type":"if","locations":[{"start":{"line":61,"column":12},"end":{"line":63,"column":13}},{"start":{},"end":{}}],"line":61}},"s":{"0":2,"1":0,"2":0,"3":0,"4":0,"5":0,"6":0,"7":0,"8":0,"9":0,"10":0,"11":0,"12":0,"13":0,"14":0,"15":0,"16":0,"17":0,"18":0,"19":0,"20":0,"21":0,"22":0,"23":0,"24":0,"25":0,"26":0,"27":0,"28":2},"f":{"0":0,"1":0,"2":0,"3":0},"b":{"0":[0,0],"1":[0,0]},"_coverageSchema":"1a1c01bbd47fc00a2c39e90264f33305004495a9","hash":"e22af8376defa45709b5bf4d56f18a887adf3ebd"}
,"/Users/macbook/gc01-daditsan/controllers/CuisineController/CuisineController.js": {"path":"/Users/macbook/gc01-daditsan/controllers/CuisineController/CuisineController.js","statementMap":{"0":{"start":{"line":1,"column":36},"end":{"line":1,"column":59}},"1":{"start":{"line":2,"column":27},"end":{"line":2,"column":48}},"2":{"start":{"line":3,"column":15},"end":{"line":3,"column":35}},"3":{"start":{"line":5,"column":0},"end":{"line":9,"column":3}},"4":{"start":{"line":14,"column":6},"end":{"line":23,"column":7}},"5":{"start":{"line":15,"column":26},"end":{"line":18,"column":12}},"6":{"start":{"line":20,"column":10},"end":{"line":20,"column":80}},"7":{"start":{"line":22,"column":10},"end":{"line":22,"column":21}},"8":{"start":{"line":27,"column":4},"end":{"line":39,"column":5}},"9":{"start":{"line":28,"column":23},"end":{"line":35,"column":8}},"10":{"start":{"line":36,"column":6},"end":{"line":36,"column":37}},"11":{"start":{"line":38,"column":8},"end":{"line":38,"column":19}},"12":{"start":{"line":43,"column":4},"end":{"line":55,"column":5}},"13":{"start":{"line":44,"column":21},"end":{"line":44,"column":31}},"14":{"start":{"line":46,"column":20},"end":{"line":46,"column":46}},"15":{"start":{"line":48,"column":6},"end":{"line":50,"column":7}},"16":{"start":{"line":49,"column":8},"end":{"line":49,"column":43}},"17":{"start":{"line":52,"column":6},"end":{"line":52,"column":35}},"18":{"start":{"line":54,"column":6},"end":{"line":54,"column":17}},"19":{"start":{"line":59,"column":4},"end":{"line":83,"column":5}},"20":{"start":{"line":60,"column":21},"end":{"line":60,"column":31}},"21":{"start":{"line":62,"column":71},"end":{"line":62,"column":79}},"22":{"start":{"line":64,"column":20},"end":{"line":64,"column":46}},"23":{"start":{"line":65,"column":6},"end":{"line":67,"column":7}},"24":{"start":{"line":66,"column":8},"end":{"line":66,"column":43}},"25":{"start":{"line":69,"column":6},"end":{"line":76,"column":7}},"26":{"start":{"line":78,"column":27},"end":{"line":78,"column":53}},"27":{"start":{"line":80,"column":6},"end":{"line":80,"column":101}},"28":{"start":{"line":82,"column":6},"end":{"line":82,"column":17}},"29":{"start":{"line":87,"column":4},"end":{"line":109,"column":5}},"30":{"start":{"line":88,"column":6},"end":{"line":90,"column":7}},"31":{"start":{"line":89,"column":8},"end":{"line":89,"column":43}},"32":{"start":{"line":92,"column":21},"end":{"line":92,"column":68}},"33":{"start":{"line":93,"column":27},"end":{"line":93,"column":71}},"34":{"start":{"line":95,"column":19},"end":{"line":95,"column":65}},"35":{"start":{"line":97,"column":6},"end":{"line":104,"column":7}},"36":{"start":{"line":106,"column":6},"end":{"line":106,"column":66}},"37":{"start":{"line":108,"column":6},"end":{"line":108,"column":17}},"38":{"start":{"line":113,"column":4},"end":{"line":131,"column":5}},"39":{"start":{"line":114,"column":21},"end":{"line":114,"column":31}},"40":{"start":{"line":116,"column":20},"end":{"line":116,"column":46}},"41":{"start":{"line":118,"column":6},"end":{"line":120,"column":7}},"42":{"start":{"line":119,"column":8},"end":{"line":119,"column":43}},"43":{"start":{"line":122,"column":26},"end":{"line":126,"column":7}},"44":{"start":{"line":128,"column":6},"end":{"line":128,"column":65}},"45":{"start":{"line":130,"column":6},"end":{"line":130,"column":17}},"46":{"start":{"line":135,"column":4},"end":{"line":181,"column":5}},"47":{"start":{"line":136,"column":45},"end":{"line":136,"column":54}},"48":{"start":{"line":138,"column":26},"end":{"line":138,"column":58}},"49":{"start":{"line":140,"column":6},"end":{"line":142,"column":7}},"50":{"start":{"line":141,"column":8},"end":{"line":141,"column":50}},"51":{"start":{"line":144,"column":6},"end":{"line":149,"column":7}},"52":{"start":{"line":145,"column":24},"end":{"line":145,"column":56}},"53":{"start":{"line":146,"column":23},"end":{"line":146,"column":64}},"54":{"start":{"line":148,"column":8},"end":{"line":148,"column":47}},"55":{"start":{"line":151,"column":18},"end":{"line":151,"column":20}},"56":{"start":{"line":152,"column":23},"end":{"line":152,"column":24}},"57":{"start":{"line":154,"column":6},"end":{"line":164,"column":7}},"58":{"start":{"line":155,"column":8},"end":{"line":158,"column":9}},"59":{"start":{"line":156,"column":10},"end":{"line":156,"column":28}},"60":{"start":{"line":157,"column":10},"end":{"line":157,"column":35}},"61":{"start":{"line":160,"column":8},"end":{"line":163,"column":9}},"62":{"start":{"line":161,"column":10},"end":{"line":161,"column":35}},"63":{"start":{"line":162,"column":10},"end":{"line":162,"column":55}},"64":{"start":{"line":166,"column":6},"end":{"line":168,"column":7}},"65":{"start":{"line":167,"column":8},"end":{"line":167,"column":65}},"66":{"start":{"line":170,"column":30},"end":{"line":170,"column":72}},"67":{"start":{"line":171,"column":6},"end":{"line":177,"column":8}},"68":{"start":{"line":180,"column":8},"end":{"line":180,"column":19}},"69":{"start":{"line":185,"column":4},"end":{"line":197,"column":5}},"70":{"start":{"line":186,"column":21},"end":{"line":186,"column":31}},"71":{"start":{"line":188,"column":22},"end":{"line":188,"column":48}},"72":{"start":{"line":190,"column":6},"end":{"line":192,"column":7}},"73":{"start":{"line":191,"column":8},"end":{"line":191,"column":42}},"74":{"start":{"line":194,"column":6},"end":{"line":194,"column":35}},"75":{"start":{"line":196,"column":6},"end":{"line":196,"column":17}},"76":{"start":{"line":201,"column":0},"end":{"line":201,"column":35}}},"fnMap":{"0":{"name":"(anonymous_0)","decl":{"start":{"line":13,"column":2},"end":{"line":13,"column":3}},"loc":{"start":{"line":13,"column":45},"end":{"line":24,"column":3}},"line":13},"1":{"name":"(anonymous_1)","decl":{"start":{"line":26,"column":2},"end":{"line":26,"column":3}},"loc":{"start":{"line":26,"column":44},"end":{"line":40,"column":3}},"line":26},"2":{"name":"(anonymous_2)","decl":{"start":{"line":42,"column":2},"end":{"line":42,"column":3}},"loc":{"start":{"line":42,"column":46},"end":{"line":56,"column":3}},"line":42},"3":{"name":"(anonymous_3)","decl":{"start":{"line":58,"column":2},"end":{"line":58,"column":3}},"loc":{"start":{"line":58,"column":47},"end":{"line":84,"column":3}},"line":58},"4":{"name":"(anonymous_4)","decl":{"start":{"line":86,"column":2},"end":{"line":86,"column":3}},"loc":{"start":{"line":86,"column":48},"end":{"line":110,"column":3}},"line":86},"5":{"name":"(anonymous_5)","decl":{"start":{"line":112,"column":2},"end":{"line":112,"column":3}},"loc":{"start":{"line":112,"column":49},"end":{"line":132,"column":3}},"line":112},"6":{"name":"(anonymous_6)","decl":{"start":{"line":134,"column":2},"end":{"line":134,"column":3}},"loc":{"start":{"line":134,"column":47},"end":{"line":182,"column":3}},"line":134},"7":{"name":"(anonymous_7)","decl":{"start":{"line":184,"column":2},"end":{"line":184,"column":3}},"loc":{"start":{"line":184,"column":49},"end":{"line":198,"column":3}},"line":184}},"branchMap":{"0":{"loc":{"start":{"line":48,"column":6},"end":{"line":50,"column":7}},"type":"if","locations":[{"start":{"line":48,"column":6},"end":{"line":50,"column":7}},{"start":{},"end":{}}],"line":48},"1":{"loc":{"start":{"line":65,"column":6},"end":{"line":67,"column":7}},"type":"if","locations":[{"start":{"line":65,"column":6},"end":{"line":67,"column":7}},{"start":{},"end":{}}],"line":65},"2":{"loc":{"start":{"line":88,"column":6},"end":{"line":90,"column":7}},"type":"if","locations":[{"start":{"line":88,"column":6},"end":{"line":90,"column":7}},{"start":{},"end":{}}],"line":88},"3":{"loc":{"start":{"line":118,"column":6},"end":{"line":120,"column":7}},"type":"if","locations":[{"start":{"line":118,"column":6},"end":{"line":120,"column":7}},{"start":{},"end":{}}],"line":118},"4":{"loc":{"start":{"line":140,"column":6},"end":{"line":142,"column":7}},"type":"if","locations":[{"start":{"line":140,"column":6},"end":{"line":142,"column":7}},{"start":{},"end":{}}],"line":140},"5":{"loc":{"start":{"line":144,"column":6},"end":{"line":149,"column":7}},"type":"if","locations":[{"start":{"line":144,"column":6},"end":{"line":149,"column":7}},{"start":{},"end":{}}],"line":144},"6":{"loc":{"start":{"line":145,"column":24},"end":{"line":145,"column":56}},"type":"cond-expr","locations":[{"start":{"line":145,"column":42},"end":{"line":145,"column":48}},{"start":{"line":145,"column":51},"end":{"line":145,"column":56}}],"line":145},"7":{"loc":{"start":{"line":146,"column":23},"end":{"line":146,"column":64}},"type":"cond-expr","locations":[{"start":{"line":146,"column":44},"end":{"line":146,"column":57}},{"start":{"line":146,"column":60},"end":{"line":146,"column":64}}],"line":146},"8":{"loc":{"start":{"line":154,"column":6},"end":{"line":164,"column":7}},"type":"if","locations":[{"start":{"line":154,"column":6},"end":{"line":164,"column":7}},{"start":{},"end":{}}],"line":154},"9":{"loc":{"start":{"line":155,"column":8},"end":{"line":158,"column":9}},"type":"if","locations":[{"start":{"line":155,"column":8},"end":{"line":158,"column":9}},{"start":{},"end":{}}],"line":155},"10":{"loc":{"start":{"line":160,"column":8},"end":{"line":163,"column":9}},"type":"if","locations":[{"start":{"line":160,"column":8},"end":{"line":163,"column":9}},{"start":{},"end":{}}],"line":160},"11":{"loc":{"start":{"line":166,"column":6},"end":{"line":168,"column":7}},"type":"if","locations":[{"start":{"line":166,"column":6},"end":{"line":168,"column":7}},{"start":{},"end":{}}],"line":166},"12":{"loc":{"start":{"line":190,"column":6},"end":{"line":192,"column":7}},"type":"if","locations":[{"start":{"line":190,"column":6},"end":{"line":192,"column":7}},{"start":{},"end":{}}],"line":190}},"s":{"0":2,"1":2,"2":2,"3":2,"4":2,"5":2,"6":1,"7":1,"8":0,"9":0,"10":0,"11":0,"12":0,"13":0,"14":0,"15":0,"16":0,"17":0,"18":0,"19":3,"20":3,"21":3,"22":3,"23":3,"24":1,"25":2,"26":1,"27":1,"28":2,"29":0,"30":0,"31":0,"32":0,"33":0,"34":0,"35":0,"36":0,"37":0,"38":2,"39":2,"40":2,"41":2,"42":1,"43":1,"44":1,"45":1,"46":3,"47":3,"48":3,"49":3,"50":1,"51":3,"52":0,"53":0,"54":0,"55":3,"56":3,"57":3,"58":1,"59":1,"60":1,"61":1,"62":0,"63":0,"64":3,"65":0,"66":3,"67":3,"68":0,"69":2,"70":2,"71":2,"72":2,"73":1,"74":1,"75":1,"76":2},"f":{"0":2,"1":0,"2":0,"3":3,"4":0,"5":2,"6":3,"7":2},"b":{"0":[0,0],"1":[1,2],"2":[0,0],"3":[1,1],"4":[1,2],"5":[0,3],"6":[0,0],"7":[0,0],"8":[1,2],"9":[1,0],"10":[0,1],"11":[0,3],"12":[1,1]},"_coverageSchema":"1a1c01bbd47fc00a2c39e90264f33305004495a9","hash":"84772a6151e9765e05a54e1fb0549672415c425a"}
,"/Users/macbook/gc01-daditsan/controllers/UserController/UserController.js": {"path":"/Users/macbook/gc01-daditsan/controllers/UserController/UserController.js","statementMap":{"0":{"start":{"line":1,"column":17},"end":{"line":1,"column":40}},"1":{"start":{"line":2,"column":28},"end":{"line":2,"column":61}},"2":{"start":{"line":3,"column":22},"end":{"line":3,"column":50}},"3":{"start":{"line":8,"column":8},"end":{"line":35,"column":9}},"4":{"start":{"line":9,"column":40},"end":{"line":9,"column":48}},"5":{"start":{"line":11,"column":12},"end":{"line":13,"column":13}},"6":{"start":{"line":12,"column":16},"end":{"line":12,"column":53}},"7":{"start":{"line":16,"column":12},"end":{"line":18,"column":13}},"8":{"start":{"line":17,"column":16},"end":{"line":17,"column":56}},"9":{"start":{"line":20,"column":28},"end":{"line":24,"column":14}},"10":{"start":{"line":26,"column":12},"end":{"line":28,"column":13}},"11":{"start":{"line":27,"column":16},"end":{"line":27,"column":58}},"12":{"start":{"line":30,"column":12},"end":{"line":30,"column":82}},"13":{"start":{"line":34,"column":12},"end":{"line":34,"column":23}},"14":{"start":{"line":39,"column":8},"end":{"line":61,"column":9}},"15":{"start":{"line":40,"column":72},"end":{"line":40,"column":80}},"16":{"start":{"line":42,"column":12},"end":{"line":44,"column":13}},"17":{"start":{"line":43,"column":16},"end":{"line":43,"column":51}},"18":{"start":{"line":46,"column":12},"end":{"line":48,"column":13}},"19":{"start":{"line":47,"column":16},"end":{"line":47,"column":54}},"20":{"start":{"line":50,"column":33},"end":{"line":52,"column":14}},"21":{"start":{"line":54,"column":12},"end":{"line":57,"column":14}},"22":{"start":{"line":60,"column":12},"end":{"line":60,"column":23}},"23":{"start":{"line":65,"column":0},"end":{"line":65,"column":32}}},"fnMap":{"0":{"name":"(anonymous_0)","decl":{"start":{"line":7,"column":4},"end":{"line":7,"column":5}},"loc":{"start":{"line":7,"column":39},"end":{"line":36,"column":5}},"line":7},"1":{"name":"(anonymous_1)","decl":{"start":{"line":38,"column":4},"end":{"line":38,"column":5}},"loc":{"start":{"line":38,"column":41},"end":{"line":62,"column":5}},"line":38}},"branchMap":{"0":{"loc":{"start":{"line":11,"column":12},"end":{"line":13,"column":13}},"type":"if","locations":[{"start":{"line":11,"column":12},"end":{"line":13,"column":13}},{"start":{},"end":{}}],"line":11},"1":{"loc":{"start":{"line":16,"column":12},"end":{"line":18,"column":13}},"type":"if","locations":[{"start":{"line":16,"column":12},"end":{"line":18,"column":13}},{"start":{},"end":{}}],"line":16},"2":{"loc":{"start":{"line":26,"column":12},"end":{"line":28,"column":13}},"type":"if","locations":[{"start":{"line":26,"column":12},"end":{"line":28,"column":13}},{"start":{},"end":{}}],"line":26},"3":{"loc":{"start":{"line":26,"column":16},"end":{"line":26,"column":76}},"type":"binary-expr","locations":[{"start":{"line":26,"column":16},"end":{"line":26,"column":26}},{"start":{"line":26,"column":30},"end":{"line":26,"column":76}}],"line":26},"4":{"loc":{"start":{"line":42,"column":12},"end":{"line":44,"column":13}},"type":"if","locations":[{"start":{"line":42,"column":12},"end":{"line":44,"column":13}},{"start":{},"end":{}}],"line":42},"5":{"loc":{"start":{"line":46,"column":12},"end":{"line":48,"column":13}},"type":"if","locations":[{"start":{"line":46,"column":12},"end":{"line":48,"column":13}},{"start":{},"end":{}}],"line":46}},"s":{"0":2,"1":2,"2":2,"3":5,"4":5,"5":5,"6":1,"7":4,"8":1,"9":3,"10":3,"11":2,"12":1,"13":4,"14":3,"15":3,"16":3,"17":1,"18":2,"19":0,"20":2,"21":1,"22":2,"23":2},"f":{"0":5,"1":3},"b":{"0":[1,4],"1":[1,3],"2":[2,1],"3":[3,2],"4":[1,2],"5":[0,2]},"_coverageSchema":"1a1c01bbd47fc00a2c39e90264f33305004495a9","hash":"1a9a8549a51e704ce7c0fe48b62d6e8ae28b52b8"}
,"/Users/macbook/gc01-daditsan/helpers/bcryptjs.js": {"path":"/Users/macbook/gc01-daditsan/helpers/bcryptjs.js","statementMap":{"0":{"start":{"line":1,"column":32},"end":{"line":1,"column":51}},"1":{"start":{"line":3,"column":0},"end":{"line":10,"column":1}},"2":{"start":{"line":5,"column":8},"end":{"line":5,"column":38}},"3":{"start":{"line":8,"column":8},"end":{"line":8,"column":51}}},"fnMap":{"0":{"name":"(anonymous_0)","decl":{"start":{"line":4,"column":18},"end":{"line":4,"column":19}},"loc":{"start":{"line":4,"column":32},"end":{"line":6,"column":5}},"line":4},"1":{"name":"(anonymous_1)","decl":{"start":{"line":7,"column":21},"end":{"line":7,"column":22}},"loc":{"start":{"line":7,"column":51},"end":{"line":9,"column":5}},"line":7}},"branchMap":{},"s":{"0":2,"1":2,"2":5,"3":2},"f":{"0":5,"1":2},"b":{},"_coverageSchema":"1a1c01bbd47fc00a2c39e90264f33305004495a9","hash":"cf93d8003837d79d2ca10d77c6b41d7d97d6dcda"}
,"/Users/macbook/gc01-daditsan/helpers/jwt.js": {"path":"/Users/macbook/gc01-daditsan/helpers/jwt.js","statementMap":{"0":{"start":{"line":1,"column":25},"end":{"line":1,"column":48}},"1":{"start":{"line":2,"column":13},"end":{"line":2,"column":35}},"2":{"start":{"line":4,"column":0},"end":{"line":7,"column":2}},"3":{"start":{"line":5,"column":26},"end":{"line":5,"column":47}},"4":{"start":{"line":6,"column":26},"end":{"line":6,"column":47}}},"fnMap":{"0":{"name":"(anonymous_0)","decl":{"start":{"line":5,"column":13},"end":{"line":5,"column":14}},"loc":{"start":{"line":5,"column":26},"end":{"line":5,"column":47}},"line":5},"1":{"name":"(anonymous_1)","decl":{"start":{"line":6,"column":15},"end":{"line":6,"column":16}},"loc":{"start":{"line":6,"column":26},"end":{"line":6,"column":47}},"line":6}},"branchMap":{},"s":{"0":2,"1":2,"2":2,"3":5,"4":16},"f":{"0":5,"1":16},"b":{},"_coverageSchema":"1a1c01bbd47fc00a2c39e90264f33305004495a9","hash":"2cf47909cbb22f7f75435afc35194fb8f67c05ed"}
,"/Users/macbook/gc01-daditsan/middlewares/adminOnly.js": {"path":"/Users/macbook/gc01-daditsan/middlewares/adminOnly.js","statementMap":{"0":{"start":{"line":1,"column":0},"end":{"line":12,"column":1}},"1":{"start":{"line":2,"column":4},"end":{"line":11,"column":5}},"2":{"start":{"line":4,"column":8},"end":{"line":5,"column":68}},"3":{"start":{"line":5,"column":12},"end":{"line":5,"column":68}},"4":{"start":{"line":7,"column":8},"end":{"line":7,"column":15}},"5":{"start":{"line":9,"column":8},"end":{"line":9,"column":26}},"6":{"start":{"line":10,"column":8},"end":{"line":10,"column":66}}},"fnMap":{"0":{"name":"adminOnly","decl":{"start":{"line":1,"column":32},"end":{"line":1,"column":41}},"loc":{"start":{"line":1,"column":58},"end":{"line":12,"column":1}},"line":1}},"branchMap":{"0":{"loc":{"start":{"line":4,"column":8},"end":{"line":5,"column":68}},"type":"if","locations":[{"start":{"line":4,"column":8},"end":{"line":5,"column":68}},{"start":{},"end":{}}],"line":4}},"s":{"0":2,"1":4,"2":4,"3":1,"4":3,"5":0,"6":0},"f":{"0":4},"b":{"0":[1,3]},"_coverageSchema":"1a1c01bbd47fc00a2c39e90264f33305004495a9","hash":"8cc8b2e1679e900aff960463d55d5c6f064af4c0"}
,"/Users/macbook/gc01-daditsan/middlewares/authentication.js": {"path":"/Users/macbook/gc01-daditsan/middlewares/authentication.js","statementMap":{"0":{"start":{"line":1,"column":17},"end":{"line":1,"column":37}},"1":{"start":{"line":2,"column":35},"end":{"line":2,"column":60}},"2":{"start":{"line":3,"column":0},"end":{"line":3,"column":27}},"3":{"start":{"line":5,"column":23},"end":{"line":32,"column":1}},"4":{"start":{"line":6,"column":4},"end":{"line":31,"column":5}},"5":{"start":{"line":7,"column":26},"end":{"line":7,"column":51}},"6":{"start":{"line":9,"column":8},"end":{"line":11,"column":9}},"7":{"start":{"line":10,"column":12},"end":{"line":10,"column":43}},"8":{"start":{"line":13,"column":32},"end":{"line":13,"column":54}},"9":{"start":{"line":15,"column":8},"end":{"line":17,"column":9}},"10":{"start":{"line":16,"column":12},"end":{"line":16,"column":43}},"11":{"start":{"line":19,"column":24},"end":{"line":19,"column":42}},"12":{"start":{"line":21,"column":21},"end":{"line":21,"column":52}},"13":{"start":{"line":23,"column":8},"end":{"line":25,"column":9}},"14":{"start":{"line":24,"column":12},"end":{"line":24,"column":43}},"15":{"start":{"line":27,"column":8},"end":{"line":27,"column":51}},"16":{"start":{"line":28,"column":8},"end":{"line":28,"column":15}},"17":{"start":{"line":30,"column":8},"end":{"line":30,"column":19}},"18":{"start":{"line":34,"column":0},"end":{"line":34,"column":32}}},"fnMap":{"0":{"name":"(anonymous_0)","decl":{"start":{"line":5,"column":23},"end":{"line":5,"column":24}},"loc":{"start":{"line":5,"column":49},"end":{"line":32,"column":1}},"line":5}},"branchMap":{"0":{"loc":{"start":{"line":9,"column":8},"end":{"line":11,"column":9}},"type":"if","locations":[{"start":{"line":9,"column":8},"end":{"line":11,"column":9}},{"start":{},"end":{}}],"line":9},"1":{"loc":{"start":{"line":15,"column":8},"end":{"line":17,"column":9}},"type":"if","locations":[{"start":{"line":15,"column":8},"end":{"line":17,"column":9}},{"start":{},"end":{}}],"line":15},"2":{"loc":{"start":{"line":23,"column":8},"end":{"line":25,"column":9}},"type":"if","locations":[{"start":{"line":23,"column":8},"end":{"line":25,"column":9}},{"start":{},"end":{}}],"line":23}},"s":{"0":2,"1":2,"2":2,"3":2,"4":20,"5":20,"6":20,"7":4,"8":16,"9":16,"10":0,"11":16,"12":13,"13":13,"14":0,"15":13,"16":13,"17":7,"18":2},"f":{"0":20},"b":{"0":[4,16],"1":[0,16],"2":[0,13]},"_coverageSchema":"1a1c01bbd47fc00a2c39e90264f33305004495a9","hash":"5be40e7e4f375d77d9a1c8b28e4e3354fd4290f3"}
,"/Users/macbook/gc01-daditsan/middlewares/authorization.js": {"path":"/Users/macbook/gc01-daditsan/middlewares/authorization.js","statementMap":{"0":{"start":{"line":1,"column":20},"end":{"line":1,"column":40}},"1":{"start":{"line":3,"column":22},"end":{"line":25,"column":1}},"2":{"start":{"line":4,"column":4},"end":{"line":24,"column":5}},"3":{"start":{"line":5,"column":21},"end":{"line":5,"column":31}},"4":{"start":{"line":7,"column":8},"end":{"line":21,"column":9}},"5":{"start":{"line":8,"column":12},"end":{"line":8,"column":19}},"6":{"start":{"line":10,"column":26},"end":{"line":10,"column":52}},"7":{"start":{"line":12,"column":12},"end":{"line":14,"column":13}},"8":{"start":{"line":13,"column":16},"end":{"line":13,"column":51}},"9":{"start":{"line":16,"column":12},"end":{"line":20,"column":13}},"10":{"start":{"line":17,"column":16},"end":{"line":17,"column":22}},"11":{"start":{"line":19,"column":16},"end":{"line":19,"column":43}},"12":{"start":{"line":23,"column":8},"end":{"line":23,"column":19}},"13":{"start":{"line":27,"column":0},"end":{"line":27,"column":35}}},"fnMap":{"0":{"name":"(anonymous_0)","decl":{"start":{"line":3,"column":22},"end":{"line":3,"column":23}},"loc":{"start":{"line":3,"column":48},"end":{"line":25,"column":1}},"line":3}},"branchMap":{"0":{"loc":{"start":{"line":7,"column":8},"end":{"line":21,"column":9}},"type":"if","locations":[{"start":{"line":7,"column":8},"end":{"line":21,"column":9}},{"start":{"line":9,"column":15},"end":{"line":21,"column":9}}],"line":7},"1":{"loc":{"start":{"line":12,"column":12},"end":{"line":14,"column":13}},"type":"if","locations":[{"start":{"line":12,"column":12},"end":{"line":14,"column":13}},{"start":{},"end":{}}],"line":12},"2":{"loc":{"start":{"line":16,"column":12},"end":{"line":20,"column":13}},"type":"if","locations":[{"start":{"line":16,"column":12},"end":{"line":20,"column":13}},{"start":{"line":18,"column":19},"end":{"line":20,"column":13}}],"line":16}},"s":{"0":2,"1":2,"2":7,"3":7,"4":7,"5":5,"6":2,"7":2,"8":0,"9":2,"10":0,"11":2,"12":2,"13":2},"f":{"0":7},"b":{"0":[5,2],"1":[0,2],"2":[0,2]},"_coverageSchema":"1a1c01bbd47fc00a2c39e90264f33305004495a9","hash":"2cba25feb1c2121cf4d996dfd990adeea5378c91"}
,"/Users/macbook/gc01-daditsan/middlewares/errorHandler.js": {"path":"/Users/macbook/gc01-daditsan/middlewares/errorHandler.js","statementMap":{"0":{"start":{"line":1,"column":0},"end":{"line":44,"column":2}},"1":{"start":{"line":2,"column":17},"end":{"line":2,"column":36}},"2":{"start":{"line":3,"column":18},"end":{"line":3,"column":58}},"3":{"start":{"line":5,"column":4},"end":{"line":42,"column":5}},"4":{"start":{"line":8,"column":12},"end":{"line":8,"column":25}},"5":{"start":{"line":9,"column":12},"end":{"line":9,"column":39}},"6":{"start":{"line":10,"column":12},"end":{"line":10,"column":18}},"7":{"start":{"line":12,"column":12},"end":{"line":12,"column":25}},"8":{"start":{"line":13,"column":12},"end":{"line":13,"column":46}},"9":{"start":{"line":14,"column":12},"end":{"line":14,"column":18}},"10":{"start":{"line":16,"column":12},"end":{"line":16,"column":25}},"11":{"start":{"line":17,"column":12},"end":{"line":17,"column":45}},"12":{"start":{"line":18,"column":12},"end":{"line":18,"column":18}},"13":{"start":{"line":20,"column":12},"end":{"line":20,"column":25}},"14":{"start":{"line":21,"column":12},"end":{"line":21,"column":48}},"15":{"start":{"line":22,"column":12},"end":{"line":22,"column":18}},"16":{"start":{"line":24,"column":12},"end":{"line":24,"column":25}},"17":{"start":{"line":25,"column":12},"end":{"line":25,"column":50}},"18":{"start":{"line":26,"column":12},"end":{"line":26,"column":18}},"19":{"start":{"line":28,"column":12},"end":{"line":28,"column":25}},"20":{"start":{"line":29,"column":12},"end":{"line":29,"column":55}},"21":{"start":{"line":30,"column":12},"end":{"line":30,"column":18}},"22":{"start":{"line":32,"column":12},"end":{"line":32,"column":25}},"23":{"start":{"line":33,"column":12},"end":{"line":33,"column":48}},"24":{"start":{"line":34,"column":12},"end":{"line":34,"column":18}},"25":{"start":{"line":36,"column":12},"end":{"line":36,"column":25}},"26":{"start":{"line":37,"column":12},"end":{"line":37,"column":48}},"27":{"start":{"line":39,"column":12},"end":{"line":39,"column":25}},"28":{"start":{"line":40,"column":12},"end":{"line":40,"column":65}},"29":{"start":{"line":41,"column":12},"end":{"line":41,"column":18}},"30":{"start":{"line":43,"column":4},"end":{"line":43,"column":41}}},"fnMap":{"0":{"name":"errorHandler","decl":{"start":{"line":1,"column":26},"end":{"line":1,"column":38}},"loc":{"start":{"line":1,"column":62},"end":{"line":44,"column":1}},"line":1}},"branchMap":{"0":{"loc":{"start":{"line":2,"column":17},"end":{"line":2,"column":36}},"type":"binary-expr","locations":[{"start":{"line":2,"column":17},"end":{"line":2,"column":29}},{"start":{"line":2,"column":33},"end":{"line":2,"column":36}}],"line":2},"1":{"loc":{"start":{"line":3,"column":18},"end":{"line":3,"column":58}},"type":"binary-expr","locations":[{"start":{"line":3,"column":18},"end":{"line":3,"column":31}},{"start":{"line":3,"column":35},"end":{"line":3,"column":58}}],"line":3},"2":{"loc":{"start":{"line":5,"column":4},"end":{"line":42,"column":5}},"type":"switch","locations":[{"start":{"line":6,"column":8},"end":{"line":6,"column":29}},{"start":{"line":7,"column":8},"end":{"line":10,"column":18}},{"start":{"line":11,"column":8},"end":{"line":14,"column":18}},{"start":{"line":15,"column":8},"end":{"line":18,"column":18}},{"start":{"line":19,"column":8},"end":{"line":22,"column":18}},{"start":{"line":23,"column":8},"end":{"line":26,"column":18}},{"start":{"line":27,"column":8},"end":{"line":30,"column":18}},{"start":{"line":31,"column":8},"end":{"line":34,"column":18}},{"start":{"line":35,"column":8},"end":{"line":37,"column":48}},{"start":{"line":38,"column":8},"end":{"line":41,"column":18}}],"line":5}},"s":{"0":2,"1":20,"2":20,"3":20,"4":7,"5":7,"6":7,"7":3,"8":3,"9":3,"10":2,"11":2,"12":2,"13":1,"14":1,"15":1,"16":0,"17":0,"18":0,"19":2,"20":2,"21":2,"22":3,"23":3,"24":3,"25":0,"26":0,"27":2,"28":2,"29":2,"30":20},"f":{"0":20},"b":{"0":[20,20],"1":[20,14],"2":[4,7,3,2,1,0,2,3,0,2]},"_coverageSchema":"1a1c01bbd47fc00a2c39e90264f33305004495a9","hash":"21c3b23cc3ac67db39755b821ae6c48bc9a78299"}
,"/Users/macbook/gc01-daditsan/models/category.js": {"path":"/Users/macbook/gc01-daditsan/models/category.js","statementMap":{"0":{"start":{"line":4,"column":4},"end":{"line":4,"column":24}},"1":{"start":{"line":5,"column":0},"end":{"line":39,"column":2}},"2":{"start":{"line":14,"column":6},"end":{"line":16,"column":8}},"3":{"start":{"line":19,"column":2},"end":{"line":37,"column":5}},"4":{"start":{"line":38,"column":2},"end":{"line":38,"column":18}}},"fnMap":{"0":{"name":"(anonymous_0)","decl":{"start":{"line":5,"column":17},"end":{"line":5,"column":18}},"loc":{"start":{"line":5,"column":43},"end":{"line":39,"column":1}},"line":5},"1":{"name":"(anonymous_1)","decl":{"start":{"line":12,"column":4},"end":{"line":12,"column":5}},"loc":{"start":{"line":12,"column":29},"end":{"line":17,"column":5}},"line":12}},"branchMap":{},"s":{"0":2,"1":2,"2":2,"3":2,"4":2},"f":{"0":2,"1":2},"b":{},"_coverageSchema":"1a1c01bbd47fc00a2c39e90264f33305004495a9","hash":"3c9d6e9690f094d18e14094740103ac8ffe70311"}
,"/Users/macbook/gc01-daditsan/models/cuisine.js": {"path":"/Users/macbook/gc01-daditsan/models/cuisine.js","statementMap":{"0":{"start":{"line":4,"column":4},"end":{"line":4,"column":24}},"1":{"start":{"line":5,"column":0},"end":{"line":116,"column":2}},"2":{"start":{"line":14,"column":6},"end":{"line":16,"column":8}},"3":{"start":{"line":17,"column":6},"end":{"line":19,"column":8}},"4":{"start":{"line":22,"column":2},"end":{"line":114,"column":5}},"5":{"start":{"line":115,"column":2},"end":{"line":115,"column":17}}},"fnMap":{"0":{"name":"(anonymous_0)","decl":{"start":{"line":5,"column":17},"end":{"line":5,"column":18}},"loc":{"start":{"line":5,"column":43},"end":{"line":116,"column":1}},"line":5},"1":{"name":"(anonymous_1)","decl":{"start":{"line":12,"column":4},"end":{"line":12,"column":5}},"loc":{"start":{"line":12,"column":29},"end":{"line":20,"column":5}},"line":12}},"branchMap":{},"s":{"0":2,"1":2,"2":2,"3":2,"4":2,"5":2},"f":{"0":2,"1":2},"b":{},"_coverageSchema":"1a1c01bbd47fc00a2c39e90264f33305004495a9","hash":"8c974f179e41f132ff0e58a3f301dc323f4030f6"}
,"/Users/macbook/gc01-daditsan/models/index.js": {"path":"/Users/macbook/gc01-daditsan/models/index.js","statementMap":{"0":{"start":{"line":3,"column":11},"end":{"line":3,"column":24}},"1":{"start":{"line":4,"column":13},"end":{"line":4,"column":28}},"2":{"start":{"line":5,"column":18},"end":{"line":5,"column":38}},"3":{"start":{"line":6,"column":16},"end":{"line":6,"column":34}},"4":{"start":{"line":7,"column":17},"end":{"line":7,"column":42}},"5":{"start":{"line":8,"column":12},"end":{"line":8,"column":49}},"6":{"start":{"line":9,"column":15},"end":{"line":9,"column":65}},"7":{"start":{"line":10,"column":11},"end":{"line":10,"column":13}},"8":{"start":{"line":13,"column":0},"end":{"line":17,"column":1}},"9":{"start":{"line":14,"column":2},"end":{"line":14,"column":74}},"10":{"start":{"line":16,"column":2},"end":{"line":16,"column":87}},"11":{"start":{"line":19,"column":0},"end":{"line":32,"column":5}},"12":{"start":{"line":22,"column":4},"end":{"line":27,"column":6}},"13":{"start":{"line":30,"column":18},"end":{"line":30,"column":85}},"14":{"start":{"line":31,"column":4},"end":{"line":31,"column":27}},"15":{"start":{"line":34,"column":0},"end":{"line":38,"column":3}},"16":{"start":{"line":35,"column":2},"end":{"line":37,"column":3}},"17":{"start":{"line":36,"column":4},"end":{"line":36,"column":32}},"18":{"start":{"line":40,"column":0},"end":{"line":40,"column":25}},"19":{"start":{"line":41,"column":0},"end":{"line":41,"column":25}},"20":{"start":{"line":43,"column":0},"end":{"line":43,"column":20}}},"fnMap":{"0":{"name":"(anonymous_0)","decl":{"start":{"line":21,"column":10},"end":{"line":21,"column":11}},"loc":{"start":{"line":21,"column":18},"end":{"line":28,"column":3}},"line":21},"1":{"name":"(anonymous_1)","decl":{"start":{"line":29,"column":11},"end":{"line":29,"column":12}},"loc":{"start":{"line":29,"column":19},"end":{"line":32,"column":3}},"line":29},"2":{"name":"(anonymous_2)","decl":{"start":{"line":34,"column":24},"end":{"line":34,"column":25}},"loc":{"start":{"line":34,"column":37},"end":{"line":38,"column":1}},"line":34}},"branchMap":{"0":{"loc":{"start":{"line":8,"column":12},"end":{"line":8,"column":49}},"type":"binary-expr","locations":[{"start":{"line":8,"column":12},"end":{"line":8,"column":32}},{"start":{"line":8,"column":36},"end":{"line":8,"column":49}}],"line":8},"1":{"loc":{"start":{"line":13,"column":0},"end":{"line":17,"column":1}},"type":"if","locations":[{"start":{"line":13,"column":0},"end":{"line":17,"column":1}},{"start":{"line":15,"column":7},"end":{"line":17,"column":1}}],"line":13},"2":{"loc":{"start":{"line":23,"column":6},"end":{"line":26,"column":37}},"type":"binary-expr","locations":[{"start":{"line":23,"column":6},"end":{"line":23,"column":29}},{"start":{"line":24,"column":6},"end":{"line":24,"column":23}},{"start":{"line":25,"column":6},"end":{"line":25,"column":30}},{"start":{"line":26,"column":6},"end":{"line":26,"column":37}}],"line":23},"3":{"loc":{"start":{"line":35,"column":2},"end":{"line":37,"column":3}},"type":"if","locations":[{"start":{"line":35,"column":2},"end":{"line":37,"column":3}},{"start":{},"end":{}}],"line":35}},"s":{"0":2,"1":2,"2":2,"3":2,"4":2,"5":2,"6":2,"7":2,"8":2,"9":0,"10":2,"11":2,"12":8,"13":6,"14":6,"15":2,"16":6,"17":6,"18":2,"19":2,"20":2},"f":{"0":8,"1":6,"2":6},"b":{"0":[2,0],"1":[0,2],"2":[8,8,6,6],"3":[6,0]},"_coverageSchema":"1a1c01bbd47fc00a2c39e90264f33305004495a9","hash":"7120e411dbf7a67a2914d01636e28746baf750ce"}
,"/Users/macbook/gc01-daditsan/models/user.js": {"path":"/Users/macbook/gc01-daditsan/models/user.js","statementMap":{"0":{"start":{"line":4,"column":4},"end":{"line":4,"column":24}},"1":{"start":{"line":5,"column":25},"end":{"line":5,"column":55}},"2":{"start":{"line":6,"column":0},"end":{"line":73,"column":2}},"3":{"start":{"line":15,"column":6},"end":{"line":17,"column":8}},"4":{"start":{"line":20,"column":2},"end":{"line":71,"column":5}},"5":{"start":{"line":67,"column":8},"end":{"line":68,"column":27}},"6":{"start":{"line":72,"column":2},"end":{"line":72,"column":14}}},"fnMap":{"0":{"name":"(anonymous_0)","decl":{"start":{"line":6,"column":17},"end":{"line":6,"column":18}},"loc":{"start":{"line":6,"column":43},"end":{"line":73,"column":1}},"line":6},"1":{"name":"(anonymous_1)","decl":{"start":{"line":13,"column":4},"end":{"line":13,"column":5}},"loc":{"start":{"line":13,"column":29},"end":{"line":18,"column":5}},"line":13},"2":{"name":"(anonymous_2)","decl":{"start":{"line":66,"column":20},"end":{"line":66,"column":21}},"loc":{"start":{"line":66,"column":30},"end":{"line":69,"column":7}},"line":66}},"branchMap":{},"s":{"0":2,"1":2,"2":2,"3":2,"4":2,"5":1,"6":2},"f":{"0":2,"1":2,"2":1},"b":{},"_coverageSchema":"1a1c01bbd47fc00a2c39e90264f33305004495a9","hash":"533ac67411f178c207365dce770cb4bea87897f7"}
,"/Users/macbook/gc01-daditsan/routers/index.js": {"path":"/Users/macbook/gc01-daditsan/routers/index.js","statementMap":{"0":{"start":{"line":1,"column":17},"end":{"line":1,"column":35}},"1":{"start":{"line":2,"column":15},"end":{"line":2,"column":31}},"2":{"start":{"line":4,"column":15},"end":{"line":4,"column":32}},"3":{"start":{"line":5,"column":16},"end":{"line":5,"column":38}},"4":{"start":{"line":6,"column":15},"end":{"line":6,"column":43}},"5":{"start":{"line":8,"column":23},"end":{"line":8,"column":78}},"6":{"start":{"line":9,"column":27},"end":{"line":9,"column":90}},"7":{"start":{"line":10,"column":26},"end":{"line":10,"column":87}},"8":{"start":{"line":12,"column":23},"end":{"line":12,"column":63}},"9":{"start":{"line":13,"column":18},"end":{"line":13,"column":53}},"10":{"start":{"line":14,"column":26},"end":{"line":14,"column":65}},"11":{"start":{"line":15,"column":21},"end":{"line":15,"column":59}},"12":{"start":{"line":18,"column":0},"end":{"line":18,"column":62}},"13":{"start":{"line":19,"column":0},"end":{"line":19,"column":68}},"14":{"start":{"line":20,"column":0},"end":{"line":20,"column":43}},"15":{"start":{"line":23,"column":0},"end":{"line":23,"column":26}},"16":{"start":{"line":26,"column":0},"end":{"line":26,"column":59}},"17":{"start":{"line":29,"column":0},"end":{"line":29,"column":57}},"18":{"start":{"line":30,"column":0},"end":{"line":30,"column":55}},"19":{"start":{"line":31,"column":0},"end":{"line":31,"column":61}},"20":{"start":{"line":34,"column":0},"end":{"line":34,"column":77}},"21":{"start":{"line":35,"column":0},"end":{"line":35,"column":109}},"22":{"start":{"line":36,"column":0},"end":{"line":36,"column":82}},"23":{"start":{"line":39,"column":0},"end":{"line":39,"column":61}},"24":{"start":{"line":40,"column":0},"end":{"line":40,"column":60}},"25":{"start":{"line":41,"column":0},"end":{"line":41,"column":66}},"26":{"start":{"line":42,"column":0},"end":{"line":42,"column":71}},"27":{"start":{"line":44,"column":0},"end":{"line":44,"column":24}},"28":{"start":{"line":46,"column":0},"end":{"line":46,"column":24}}},"fnMap":{},"branchMap":{},"s":{"0":2,"1":2,"2":2,"3":2,"4":2,"5":2,"6":2,"7":2,"8":2,"9":2,"10":2,"11":2,"12":2,"13":2,"14":2,"15":2,"16":2,"17":2,"18":2,"19":2,"20":2,"21":2,"22":2,"23":2,"24":2,"25":2,"26":2,"27":2,"28":2},"f":{},"b":{},"_coverageSchema":"1a1c01bbd47fc00a2c39e90264f33305004495a9","hash":"0f3645bbeba6e6bf5081c053848cbdd231392c6d"}
}
