TN:
SF:app.js
FNF:0
FNH:0
DA:1,2
DA:2,2
DA:5,2
DA:6,2
DA:7,2
DA:9,2
DA:10,2
DA:12,2
DA:14,2
LF:9
LH:9
BRDA:1,0,0,2
BRDA:1,0,1,0
BRF:2
BRH:1
end_of_record
TN:
SF:controllers/CategoryController/CategoryController.js
FN:5,(anonymous_0)
FN:18,(anonymous_1)
FN:27,(anonymous_2)
FN:55,(anonymous_3)
FNF:4
FNH:0
FNDA:0,(anonymous_0)
FNDA:0,(anonymous_1)
FNDA:0,(anonymous_2)
FNDA:0,(anonymous_3)
DA:1,2
DA:6,0
DA:7,0
DA:11,0
DA:13,0
DA:14,0
DA:19,0
DA:20,0
DA:21,0
DA:23,0
DA:28,0
DA:29,0
DA:31,0
DA:33,0
DA:34,0
DA:35,0
DA:38,0
DA:47,0
DA:49,0
DA:51,0
DA:56,0
DA:57,0
DA:59,0
DA:61,0
DA:62,0
DA:65,0
DA:71,0
DA:73,0
DA:78,2
LF:29
LH:2
BRDA:34,0,0,0
BRDA:34,0,1,0
BRDA:61,1,0,0
BRDA:61,1,1,0
BRF:4
BRH:0
end_of_record
TN:
SF:controllers/CuisineController/CuisineController.js
FN:13,(anonymous_0)
FN:26,(anonymous_1)
FN:42,(anonymous_2)
FN:58,(anonymous_3)
FN:86,(anonymous_4)
FN:112,(anonymous_5)
FN:134,(anonymous_6)
FN:184,(anonymous_7)
FNF:8
FNH:5
FNDA:2,(anonymous_0)
FNDA:0,(anonymous_1)
FNDA:0,(anonymous_2)
FNDA:3,(anonymous_3)
FNDA:0,(anonymous_4)
FNDA:2,(anonymous_5)
FNDA:3,(anonymous_6)
FNDA:2,(anonymous_7)
DA:1,2
DA:2,2
DA:3,2
DA:5,2
DA:14,2
DA:15,2
DA:20,1
DA:22,1
DA:27,0
DA:28,0
DA:36,0
DA:38,0
DA:43,0
DA:44,0
DA:46,0
DA:48,0
DA:49,0
DA:52,0
DA:54,0
DA:59,3
DA:60,3
DA:62,3
DA:64,3
DA:65,3
DA:66,1
DA:69,2
DA:78,1
DA:80,1
DA:82,2
DA:87,0
DA:88,0
DA:89,0
DA:92,0
DA:93,0
DA:95,0
DA:97,0
DA:106,0
DA:108,0
DA:113,2
DA:114,2
DA:116,2
DA:118,2
DA:119,1
DA:122,1
DA:128,1
DA:130,1
DA:135,3
DA:136,3
DA:138,3
DA:140,3
DA:141,1
DA:144,3
DA:145,0
DA:146,0
DA:148,0
DA:151,3
DA:152,3
DA:154,3
DA:155,1
DA:156,1
DA:157,1
DA:160,1
DA:161,0
DA:162,0
DA:166,3
DA:167,0
DA:170,3
DA:171,3
DA:180,0
DA:185,2
DA:186,2
DA:188,2
DA:190,2
DA:191,1
DA:194,1
DA:196,1
DA:201,2
LF:77
LH:50
BRDA:48,0,0,0
BRDA:48,0,1,0
BRDA:65,1,0,1
BRDA:65,1,1,2
BRDA:88,2,0,0
BRDA:88,2,1,0
BRDA:118,3,0,1
BRDA:118,3,1,1
BRDA:140,4,0,1
BRDA:140,4,1,2
BRDA:144,5,0,0
BRDA:144,5,1,3
BRDA:145,6,0,0
BRDA:145,6,1,0
BRDA:146,7,0,0
BRDA:146,7,1,0
BRDA:154,8,0,1
BRDA:154,8,1,2
BRDA:155,9,0,1
BRDA:155,9,1,0
BRDA:160,10,0,0
BRDA:160,10,1,1
BRDA:166,11,0,0
BRDA:166,11,1,3
BRDA:190,12,0,1
BRDA:190,12,1,1
BRF:26
BRH:14
end_of_record
TN:
SF:controllers/UserController/UserController.js
FN:7,(anonymous_0)
FN:38,(anonymous_1)
FNF:2
FNH:2
FNDA:5,(anonymous_0)
FNDA:3,(anonymous_1)
DA:1,2
DA:2,2
DA:3,2
DA:8,5
DA:9,5
DA:11,5
DA:12,1
DA:16,4
DA:17,1
DA:20,3
DA:26,3
DA:27,2
DA:30,1
DA:34,4
DA:39,3
DA:40,3
DA:42,3
DA:43,1
DA:46,2
DA:47,0
DA:50,2
DA:54,1
DA:60,2
DA:65,2
LF:24
LH:23
BRDA:11,0,0,1
BRDA:11,0,1,4
BRDA:16,1,0,1
BRDA:16,1,1,3
BRDA:26,2,0,2
BRDA:26,2,1,1
BRDA:26,3,0,3
BRDA:26,3,1,2
BRDA:42,4,0,1
BRDA:42,4,1,2
BRDA:46,5,0,0
BRDA:46,5,1,2
BRF:12
BRH:11
end_of_record
TN:
SF:helpers/bcryptjs.js
FN:4,(anonymous_0)
FN:7,(anonymous_1)
FNF:2
FNH:2
FNDA:5,(anonymous_0)
FNDA:2,(anonymous_1)
DA:1,2
DA:3,2
DA:5,5
DA:8,2
LF:4
LH:4
BRF:0
BRH:0
end_of_record
TN:
SF:helpers/jwt.js
FN:5,(anonymous_0)
FN:6,(anonymous_1)
FNF:2
FNH:2
FNDA:5,(anonymous_0)
FNDA:16,(anonymous_1)
DA:1,2
DA:2,2
DA:4,2
DA:5,5
DA:6,16
LF:5
LH:5
BRF:0
BRH:0
end_of_record
TN:
SF:middlewares/adminOnly.js
FN:1,adminOnly
FNF:1
FNH:1
FNDA:4,adminOnly
DA:1,2
DA:2,4
DA:4,4
DA:5,1
DA:7,3
DA:9,0
DA:10,0
LF:7
LH:5
BRDA:4,0,0,1
BRDA:4,0,1,3
BRF:2
BRH:2
end_of_record
TN:
SF:middlewares/authentication.js
FN:5,(anonymous_0)
FNF:1
FNH:1
FNDA:20,(anonymous_0)
DA:1,2
DA:2,2
DA:3,2
DA:5,2
DA:6,20
DA:7,20
DA:9,20
DA:10,4
DA:13,16
DA:15,16
DA:16,0
DA:19,16
DA:21,13
DA:23,13
DA:24,0
DA:27,13
DA:28,13
DA:30,7
DA:34,2
LF:19
LH:17
BRDA:9,0,0,4
BRDA:9,0,1,16
BRDA:15,1,0,0
BRDA:15,1,1,16
BRDA:23,2,0,0
BRDA:23,2,1,13
BRF:6
BRH:4
end_of_record
TN:
SF:middlewares/authorization.js
FN:3,(anonymous_0)
FNF:1
FNH:1
FNDA:7,(anonymous_0)
DA:1,2
DA:3,2
DA:4,7
DA:5,7
DA:7,7
DA:8,5
DA:10,2
DA:12,2
DA:13,0
DA:16,2
DA:17,0
DA:19,2
DA:23,2
DA:27,2
LF:14
LH:12
BRDA:7,0,0,5
BRDA:7,0,1,2
BRDA:12,1,0,0
BRDA:12,1,1,2
BRDA:16,2,0,0
BRDA:16,2,1,2
BRF:6
BRH:4
end_of_record
TN:
SF:middlewares/errorHandler.js
FN:1,errorHandler
FNF:1
FNH:1
FNDA:20,errorHandler
DA:1,2
DA:2,20
DA:3,20
DA:5,20
DA:8,7
DA:9,7
DA:10,7
DA:12,3
DA:13,3
DA:14,3
DA:16,2
DA:17,2
DA:18,2
DA:20,1
DA:21,1
DA:22,1
DA:24,0
DA:25,0
DA:26,0
DA:28,2
DA:29,2
DA:30,2
DA:32,3
DA:33,3
DA:34,3
DA:36,0
DA:37,0
DA:39,2
DA:40,2
DA:41,2
DA:43,20
LF:31
LH:26
BRDA:2,0,0,20
BRDA:2,0,1,20
BRDA:3,1,0,20
BRDA:3,1,1,14
BRDA:5,2,0,4
BRDA:5,2,1,7
BRDA:5,2,2,3
BRDA:5,2,3,2
BRDA:5,2,4,1
BRDA:5,2,5,0
BRDA:5,2,6,2
BRDA:5,2,7,3
BRDA:5,2,8,0
BRDA:5,2,9,2
BRF:14
BRH:12
end_of_record
TN:
SF:models/category.js
FN:5,(anonymous_0)
FN:12,(anonymous_1)
FNF:2
FNH:2
FNDA:2,(anonymous_0)
FNDA:2,(anonymous_1)
DA:4,2
DA:5,2
DA:14,2
DA:19,2
DA:38,2
LF:5
LH:5
BRF:0
BRH:0
end_of_record
TN:
SF:models/cuisine.js
FN:5,(anonymous_0)
FN:12,(anonymous_1)
FNF:2
FNH:2
FNDA:2,(anonymous_0)
FNDA:2,(anonymous_1)
DA:4,2
DA:5,2
DA:14,2
DA:17,2
DA:22,2
DA:115,2
LF:6
LH:6
BRF:0
BRH:0
end_of_record
TN:
SF:models/index.js
FN:21,(anonymous_0)
FN:29,(anonymous_1)
FN:34,(anonymous_2)
FNF:3
FNH:3
FNDA:8,(anonymous_0)
FNDA:6,(anonymous_1)
FNDA:6,(anonymous_2)
DA:3,2
DA:4,2
DA:5,2
DA:6,2
DA:7,2
DA:8,2
DA:9,2
DA:10,2
DA:13,2
DA:14,0
DA:16,2
DA:19,2
DA:22,8
DA:30,6
DA:31,6
DA:34,2
DA:35,6
DA:36,6
DA:40,2
DA:41,2
DA:43,2
LF:21
LH:20
BRDA:8,0,0,2
BRDA:8,0,1,0
BRDA:13,1,0,0
BRDA:13,1,1,2
BRDA:23,2,0,8
BRDA:23,2,1,8
BRDA:23,2,2,6
BRDA:23,2,3,6
BRDA:35,3,0,6
BRDA:35,3,1,0
BRF:10
BRH:7
end_of_record
TN:
SF:models/user.js
FN:6,(anonymous_0)
FN:13,(anonymous_1)
FN:66,(anonymous_2)
FNF:3
FNH:3
FNDA:2,(anonymous_0)
FNDA:2,(anonymous_1)
FNDA:1,(anonymous_2)
DA:4,2
DA:5,2
DA:6,2
DA:15,2
DA:20,2
DA:67,1
DA:72,2
LF:7
LH:7
BRF:0
BRH:0
end_of_record
TN:
SF:routers/index.js
FNF:0
FNH:0
DA:1,2
DA:2,2
DA:4,2
DA:5,2
DA:6,2
DA:8,2
DA:9,2
DA:10,2
DA:12,2
DA:13,2
DA:14,2
DA:15,2
DA:18,2
DA:19,2
DA:20,2
DA:23,2
DA:26,2
DA:29,2
DA:30,2
DA:31,2
DA:34,2
DA:35,2
DA:36,2
DA:39,2
DA:40,2
DA:41,2
DA:42,2
DA:44,2
DA:46,2
LF:29
LH:29
BRF:0
BRH:0
end_of_record
